<?xml version="1.0" encoding="UTF-8"?>
<!-- Generated by org.testng.reporters.JUnitXMLReporter -->
<testsuite hostname="DESKTOP-IQTEBF1" ignored="0" name="Login Test" tests="1" failures="1" timestamp="04 Dec 2019 19:02:12 GMT" time="6.677" errors="0">
  <testcase name="loginTest" time="5.367" classname="com.testcases.LoginTest">
    <failure type="java.lang.AssertionError" message="expected [Zero - Account Summary] but found [Zero - Log in]">
      <![CDATA[java.lang.AssertionError: expected [Zero - Account Summary] but found [Zero - Log in]
at com.testcases.LoginTest.loginTest(LoginTest.java:28)
... Removed 35 stack frames]]>
    </failure>
  </testcase> <!-- loginTest -->
</testsuite> <!-- Login Test -->
