<?xml version="1.0" encoding="UTF-8"?>
<!-- Generated by org.testng.reporters.JUnitXMLReporter -->
<testsuite hostname="DESKTOP-IQTEBF1" name="Test" tests="6" failures="0" timestamp="6 Dec 2019 20:46:53 GMT" time="23.25" errors="0">
  <testcase name="welcomePageLinks" time="1.558" classname="com.testcases.WelcomePageTest"/>
  <testcase name="signOnTest" time="6.833" classname="com.testcases.ToursSignonTest"/>
  <testcase name="findFlightsTest" time="2.443" classname="com.testcases.ToursFindFlightsTest"/>
  <testcase name="reserveFlightsTest" time="1.61" classname="com.testcases.ToursReserveFlightsTest"/>
  <testcase name="bookFlightsTest" time="3.209" classname="com.testcases.ToursBookFlightsTest"/>
  <testcase name="confirmBookFlightsTest" time="0.05" classname="com.testcases.ToursConfirmBookFlightsTest"/>
</testsuite> <!-- Test -->
