<?xml version="1.0" encoding="UTF-8"?>
<!-- Generated by org.testng.reporters.JUnitXMLReporter -->
<testsuite hostname="DESKTOP-IQTEBF1" ignored="0" name="Command line test" tests="6" failures="1" timestamp="05 Dec 2019 19:38:33 GMT" time="59.885" errors="0">
  <testcase name="welcomePageLinks" time="1.48" classname="com.testcases.WelcomePageTest"/>
  <testcase name="signOnTest" time="37.352" classname="com.testcases.ToursSignonTest"/>
  <testcase name="findFlightsTest" time="4.202" classname="com.testcases.ToursFindFlightsTest"/>
  <testcase name="reserveFlightsTest" time="1.962" classname="com.testcases.ToursReserveFlightsTest">
    <failure type="java.lang.AssertionError" message="expected [Book a Flight: Mercury Tours ---] but found [Book a Flight: Mercury Tours]">
      <![CDATA[java.lang.AssertionError: expected [Book a Flight: Mercury Tours ---] but found [Book a Flight: Mercury Tours]
at com.testcases.ToursReserveFlightsTest.reserveFlightsTest(ToursReserveFlightsTest.java:34)
... Removed 41 stack frames]]>
    </failure>
  </testcase> <!-- reserveFlightsTest -->
  <testcase name="bookFlightsTest" time="3.79" classname="com.testcases.ToursBookFlightsTest"/>
  <testcase name="confirmBookFlightsTest" time="0.078" classname="com.testcases.ToursConfirmBookFlightsTest"/>
</testsuite> <!-- Command line test -->
