<?xml version="1.0" encoding="UTF-8"?>
<!-- Generated by org.testng.reporters.JUnitXMLReporter -->
<testsuite hostname="DESKTOP-IQTEBF1" ignored="0" name="Test" tests="6" failures="0" timestamp="07 Dec 2019 00:13:21 GMT" time="21.95" errors="0">
  <testcase name="welcomePageLinks" time="1.256" classname="com.testcases.WelcomePageTest"/>
  <testcase name="signOnTest" time="6.688" classname="com.testcases.ToursSignonTest"/>
  <testcase name="findFlightsTest" time="2.257" classname="com.testcases.ToursFindFlightsTest"/>
  <testcase name="reserveFlightsTest" time="1.539" classname="com.testcases.ToursReserveFlightsTest"/>
  <testcase name="bookFlightsTest" time="3.444" classname="com.testcases.ToursBookFlightsTest"/>
  <testcase name="confirmBookFlightsTest" time="0.046" classname="com.testcases.ToursConfirmBookFlightsTest"/>
</testsuite> <!-- Test -->
