<?xml version="1.0" encoding="UTF-8"?>
<testng-results skipped="0" failed="1" ignored="0" total="6" passed="5">
  <reporter-output>
  </reporter-output>
  <suite name="Suite" duration-ms="25606" started-at="2019-12-06T03:57:16Z" finished-at="2019-12-06T03:57:41Z">
    <groups>
    </groups>
    <test name="Test" duration-ms="25606" started-at="2019-12-06T03:57:16Z" finished-at="2019-12-06T03:57:41Z">
      <class name="com.testcases.WelcomePageTest">
        <test-method status="PASS" signature="welcomePageLinks()[pri:0, instance:com.testcases.WelcomePageTest@4bbfb90a]" name="welcomePageLinks" duration-ms="1652" started-at="2019-12-06T03:57:23Z" finished-at="2019-12-06T03:57:25Z">
          <reporter-output>
          </reporter-output>
        </test-method> <!-- welcomePageLinks -->
      </class> <!-- com.testcases.WelcomePageTest -->
      <class name="com.testcases.ToursSignonTest">
        <test-method status="PASS" signature="setUp()[pri:0, instance:com.testcases.ToursSignonTest@a7e666]" name="setUp" is-config="true" duration-ms="7421" started-at="2019-12-06T03:57:16Z" finished-at="2019-12-06T03:57:23Z">
          <reporter-output>
          </reporter-output>
        </test-method> <!-- setUp -->
        <test-method status="PASS" signature="signOnTest()[pri:1, instance:com.testcases.ToursSignonTest@a7e666]" name="signOnTest" duration-ms="7474" started-at="2019-12-06T03:57:25Z" finished-at="2019-12-06T03:57:32Z">
          <reporter-output>
          </reporter-output>
        </test-method> <!-- signOnTest -->
        <test-method status="PASS" signature="tearDown()[pri:0, instance:com.testcases.ToursSignonTest@a7e666]" name="tearDown" is-config="true" duration-ms="1453" started-at="2019-12-06T03:57:40Z" finished-at="2019-12-06T03:57:41Z">
          <reporter-output>
          </reporter-output>
        </test-method> <!-- tearDown -->
      </class> <!-- com.testcases.ToursSignonTest -->
      <class name="com.testcases.ToursFindFlightsTest">
        <test-method status="PASS" signature="findFlightsTest()[pri:3, instance:com.testcases.ToursFindFlightsTest@30b8a058]" name="findFlightsTest" duration-ms="2630" started-at="2019-12-06T03:57:32Z" finished-at="2019-12-06T03:57:35Z">
          <reporter-output>
          </reporter-output>
        </test-method> <!-- findFlightsTest -->
      </class> <!-- com.testcases.ToursFindFlightsTest -->
      <class name="com.testcases.ToursBookFlightsTest">
        <test-method status="PASS" signature="bookFlightsTest()[pri:4, instance:com.testcases.ToursBookFlightsTest@68bbe345]" name="bookFlightsTest" duration-ms="3353" started-at="2019-12-06T03:57:37Z" finished-at="2019-12-06T03:57:40Z">
          <reporter-output>
          </reporter-output>
        </test-method> <!-- bookFlightsTest -->
      </class> <!-- com.testcases.ToursBookFlightsTest -->
      <class name="com.testcases.ToursReserveFlightsTest">
        <test-method status="FAIL" signature="reserveFlightsTest()[pri:3, instance:com.testcases.ToursReserveFlightsTest@7494e528]" name="reserveFlightsTest" duration-ms="1553" started-at="2019-12-06T03:57:35Z" finished-at="2019-12-06T03:57:37Z">
          <exception class="java.lang.AssertionError">
            <message>
              <![CDATA[expected [Book a Flight: Mercury Tours ---] but found [Book a Flight: Mercury Tours]]]>
            </message>
            <full-stacktrace>
              <![CDATA[java.lang.AssertionError: expected [Book a Flight: Mercury Tours ---] but found [Book a Flight: Mercury Tours]
at org.testng.Assert.fail(Assert.java:96)
at org.testng.Assert.failNotEquals(Assert.java:776)
at org.testng.Assert.assertEqualsImpl(Assert.java:137)
at org.testng.Assert.assertEquals(Assert.java:118)
at org.testng.Assert.assertEquals(Assert.java:453)
at org.testng.Assert.assertEquals(Assert.java:463)
at com.testcases.ToursReserveFlightsTest.reserveFlightsTest(ToursReserveFlightsTest.java:34)
at sun.reflect.NativeMethodAccessorImpl.invoke0(Native Method)
at sun.reflect.NativeMethodAccessorImpl.invoke(NativeMethodAccessorImpl.java:62)
at sun.reflect.DelegatingMethodAccessorImpl.invoke(DelegatingMethodAccessorImpl.java:43)
at java.lang.reflect.Method.invoke(Method.java:498)
at org.testng.internal.MethodInvocationHelper.invokeMethod(MethodInvocationHelper.java:124)
at org.testng.internal.Invoker.invokeMethod(Invoker.java:583)
at org.testng.internal.Invoker.invokeTestMethod(Invoker.java:719)
at org.testng.internal.Invoker.invokeTestMethods(Invoker.java:989)
at org.testng.internal.TestMethodWorker.invokeTestMethods(TestMethodWorker.java:125)
at org.testng.internal.TestMethodWorker.run(TestMethodWorker.java:109)
at org.testng.TestRunner.privateRun(TestRunner.java:648)
at org.testng.TestRunner.run(TestRunner.java:505)
at org.testng.SuiteRunner.runTest(SuiteRunner.java:455)
at org.testng.SuiteRunner.access$000(SuiteRunner.java:40)
at org.testng.SuiteRunner$SuiteWorker.run(SuiteRunner.java:489)
at org.testng.internal.thread.ThreadUtil$1.call(ThreadUtil.java:52)
at java.util.concurrent.FutureTask.run(FutureTask.java:266)
at java.util.concurrent.ThreadPoolExecutor.runWorker(ThreadPoolExecutor.java:1149)
at java.util.concurrent.ThreadPoolExecutor$Worker.run(ThreadPoolExecutor.java:624)
at java.lang.Thread.run(Thread.java:748)
]]>
            </full-stacktrace>
          </exception> <!-- java.lang.AssertionError -->
          <reporter-output>
          </reporter-output>
        </test-method> <!-- reserveFlightsTest -->
      </class> <!-- com.testcases.ToursReserveFlightsTest -->
      <class name="com.testcases.ToursConfirmBookFlightsTest">
        <test-method status="PASS" signature="confirmBookFlightsTest()[pri:5, instance:com.testcases.ToursConfirmBookFlightsTest@7c29daf3]" name="confirmBookFlightsTest" duration-ms="38" started-at="2019-12-06T03:57:40Z" finished-at="2019-12-06T03:57:40Z">
          <reporter-output>
          </reporter-output>
        </test-method> <!-- confirmBookFlightsTest -->
      </class> <!-- com.testcases.ToursConfirmBookFlightsTest -->
    </test> <!-- Test -->
  </suite> <!-- Suite -->
</testng-results>
